Performing C++ SOURCE FILE Test CMAKE_HAVE_LIBC_PTHREAD failed with the following output:
Change Dir: /home/tide/catkin_ws/abseil-cpp/build/CMakeFiles/CMakeTmp

Run Build Command(s):/usr/bin/ninja cmTC_3ea6f && [1/2] Building CXX object CMakeFiles/cmTC_3ea6f.dir/src.cxx.o
[2/2] Linking CXX executable cmTC_3ea6f
FAILED: cmTC_3ea6f 
: && /usr/bin/c++  -DCMAKE_HAVE_LIBC_PTHREAD   CMakeFiles/cmTC_3ea6f.dir/src.cxx.o  -o cmTC_3ea6f   && :
/usr/bin/ld: CMakeFiles/cmTC_3ea6f.dir/src.cxx.o: in function `main':
src.cxx:(.text+0x46): undefined reference to `pthread_create'
/usr/bin/ld: src.cxx:(.text+0x52): undefined reference to `pthread_detach'
/usr/bin/ld: src.cxx:(.text+0x63): undefined reference to `pthread_join'
collect2: error: ld returned 1 exit status
ninja: build stopped: subcommand failed.


Source file was:
#include <pthread.h>

void* test_func(void* data)
{
  return data;
}

int main(void)
{
  pthread_t thread;
  pthread_create(&thread, NULL, test_func, NULL);
  pthread_detach(thread);
  pthread_join(thread, NULL);
  pthread_atfork(NULL, NULL, NULL);
  pthread_exit(NULL);

  return 0;
}

Determining if the function pthread_create exists in the pthreads failed with the following output:
Change Dir: /home/tide/catkin_ws/abseil-cpp/build/CMakeFiles/CMakeTmp

Run Build Command(s):/usr/bin/ninja cmTC_e6c4e && [1/2] Building CXX object CMakeFiles/cmTC_e6c4e.dir/CheckFunctionExists.cxx.o
[2/2] Linking CXX executable cmTC_e6c4e
FAILED: cmTC_e6c4e 
: && /usr/bin/c++  -DCHECK_FUNCTION_EXISTS=pthread_create   CMakeFiles/cmTC_e6c4e.dir/CheckFunctionExists.cxx.o  -o cmTC_e6c4e  -lpthreads && :
/usr/bin/ld: cannot find -lpthreads
collect2: error: ld returned 1 exit status
ninja: build stopped: subcommand failed.



